16:40:08 **** Incremental Build of configuration Debug for project system_demo ****
make -j8 all 
arm-none-eabi-gcc "C:/Users/ADMIN/Desktop/DATN/Mecabot_Firmware/components/dc_motor/dc_motor.c" -mcpu=cortex-m3 -std=gnu11 -g3 -DDEBUG -DUSE_HAL_DRIVER -DSTM32F103xE -c -I../Core/Inc -I../Drivers/STM32F1xx_HAL_Driver/Inc/Legacy -I../Drivers/STM32F1xx_HAL_Driver/Inc -I../Drivers/CMSIS/Device/ST/STM32F1xx/Include -I../Drivers/CMSIS/Include -I"C:/Users/ADMIN/Desktop/DATN/Mecabot_Firmware/examples/../components/common/include" -I"C:/Users/ADMIN/Desktop/DATN/Mecabot_Firmware/examples/../components/dc_motor/include" -I"C:/Users/ADMIN/Desktop/DATN/Mecabot_Firmware/examples/../components/encoder/include" -I"C:/Users/ADMIN/Desktop/DATN/Mecabot_Firmware/examples/../components/madgwick_filter/include" -I"C:/Users/ADMIN/Desktop/DATN/Mecabot_Firmware/examples/../components/mpu6050/include" -I"C:/Users/ADMIN/Desktop/DATN/Mecabot_Firmware/examples/../components/rosserial/include" -O0 -ffunction-sections -fdata-sections -Wall -fstack-usage -fcyclomatic-complexity -MMD -MP -MF"Core/Src/dc_motor.d" -MT"Core/Src/dc_motor.o" --specs=nano.specs -mfloat-abi=soft -mthumb -o "Core/Src/dc_motor.o"
arm-none-eabi-g++ "../Core/Src/mainpp.cpp" -mcpu=cortex-m3 -std=gnu++14 -g3 -DDEBUG -DUSE_HAL_DRIVER -DSTM32F103xE -c -I../Core/Inc -I../Drivers/STM32F1xx_HAL_Driver/Inc/Legacy -I../Drivers/STM32F1xx_HAL_Driver/Inc -I../Drivers/CMSIS/Device/ST/STM32F1xx/Include -I../Drivers/CMSIS/Include -I"C:/Users/ADMIN/Desktop/DATN/Mecabot_Firmware/examples/../components/common/include" -I"C:/Users/ADMIN/Desktop/DATN/Mecabot_Firmware/examples/../components/dc_motor/include" -I"C:/Users/ADMIN/Desktop/DATN/Mecabot_Firmware/examples/../components/encoder/include" -I"C:/Users/ADMIN/Desktop/DATN/Mecabot_Firmware/examples/../components/madgwick_filter/include" -I"C:/Users/ADMIN/Desktop/DATN/Mecabot_Firmware/examples/../components/mpu6050/include" -I"C:/Users/ADMIN/Desktop/DATN/Mecabot_Firmware/examples/../components/rosserial/include" -O0 -ffunction-sections -fdata-sections -fno-exceptions -fno-rtti -fno-use-cxa-atexit -Wall -fstack-usage -fcyclomatic-complexity -MMD -MP -MF"Core/Src/mainpp.d" -MT"Core/Src/mainpp.o" --specs=nano.specs -mfloat-abi=soft -mthumb -o "Core/Src/mainpp.o"
arm-none-eabi-g++ "../Core/Src/mecabot_hardware.cpp" -mcpu=cortex-m3 -std=gnu++14 -g3 -DDEBUG -DUSE_HAL_DRIVER -DSTM32F103xE -c -I../Core/Inc -I../Drivers/STM32F1xx_HAL_Driver/Inc/Legacy -I../Drivers/STM32F1xx_HAL_Driver/Inc -I../Drivers/CMSIS/Device/ST/STM32F1xx/Include -I../Drivers/CMSIS/Include -I"C:/Users/ADMIN/Desktop/DATN/Mecabot_Firmware/examples/../components/common/include" -I"C:/Users/ADMIN/Desktop/DATN/Mecabot_Firmware/examples/../components/dc_motor/include" -I"C:/Users/ADMIN/Desktop/DATN/Mecabot_Firmware/examples/../components/encoder/include" -I"C:/Users/ADMIN/Desktop/DATN/Mecabot_Firmware/examples/../components/madgwick_filter/include" -I"C:/Users/ADMIN/Desktop/DATN/Mecabot_Firmware/examples/../components/mpu6050/include" -I"C:/Users/ADMIN/Desktop/DATN/Mecabot_Firmware/examples/../components/rosserial/include" -O0 -ffunction-sections -fdata-sections -fno-exceptions -fno-rtti -fno-use-cxa-atexit -Wall -fstack-usage -fcyclomatic-complexity -MMD -MP -MF"Core/Src/mecabot_hardware.d" -MT"Core/Src/mecabot_hardware.o" --specs=nano.specs -mfloat-abi=soft -mthumb -o "Core/Src/mecabot_hardware.o"
../Core/Src/mecabot_hardware.cpp: In function 'status_t mecabot_imu_get_quaternion(Quaternion_t*)':
../Core/Src/mecabot_hardware.cpp:176:1: warning: no return statement in function returning non-void [-Wreturn-type]
  176 | }
      | ^
In file included from ../Core/Inc/mecabot_hardware.h:13,
                 from ../Core/Src/mecabot_hardware.cpp:1:
C:/Users/ADMIN/Desktop/DATN/Mecabot_Firmware/examples/../components/madgwick_filter/include/madgwick_filter.h: At global scope:
C:/Users/ADMIN/Desktop/DATN/Mecabot_Firmware/examples/../components/madgwick_filter/include/madgwick_filter.h:121:14: warning: 'float quat_getYaw(Quaternion_t)' defined but not used [-Wunused-function]
  121 | static float quat_getYaw(Quaternion_t q)
      |              ^~~~~~~~~~~
C:/Users/ADMIN/Desktop/DATN/Mecabot_Firmware/examples/../components/madgwick_filter/include/madgwick_filter.h:112:13: warning: 'void quat_Normalize(Quaternion_t*)' defined but not used [-Wunused-function]
  112 | static void quat_Normalize(Quaternion_t *q)
      |             ^~~~~~~~~~~~~~
C:/Users/ADMIN/Desktop/DATN/Mecabot_Firmware/examples/../components/madgwick_filter/include/madgwick_filter.h:97:21: warning: 'Quaternion_t quat_conjugate(Quaternion_t)' defined but not used [-Wunused-function]
   97 | static Quaternion_t quat_conjugate(Quaternion_t q)
      |                     ^~~~~~~~~~~~~~
C:/Users/ADMIN/Desktop/DATN/Mecabot_Firmware/examples/../components/madgwick_filter/include/madgwick_filter.h:85:21: warning: 'Quaternion_t quat_sub(Quaternion_t, Quaternion_t)' defined but not used [-Wunused-function]
   85 | static Quaternion_t quat_sub(Quaternion_t L, Quaternion_t R)
      |                     ^~~~~~~~
C:/Users/ADMIN/Desktop/DATN/Mecabot_Firmware/examples/../components/madgwick_filter/include/madgwick_filter.h:73:21: warning: 'Quaternion_t quat_add(Quaternion_t, Quaternion_t)' defined but not used [-Wunused-function]
   73 | static Quaternion_t quat_add(Quaternion_t L, Quaternion_t R)
      |                     ^~~~~~~~
C:/Users/ADMIN/Desktop/DATN/Mecabot_Firmware/examples/../components/madgwick_filter/include/madgwick_filter.h:62:21: warning: 'Quaternion_t quat_scalar(Quaternion_t, float)' defined but not used [-Wunused-function]
   62 | static Quaternion_t quat_scalar(Quaternion_t q, float scalar)
      |                     ^~~~~~~~~~~
C:/Users/ADMIN/Desktop/DATN/Mecabot_Firmware/examples/../components/madgwick_filter/include/madgwick_filter.h:50:21: warning: 'Quaternion_t quat_mult(Quaternion_t, Quaternion_t)' defined but not used [-Wunused-function]
   50 | static Quaternion_t quat_mult(Quaternion_t L, Quaternion_t R)
      |                     ^~~~~~~~~
In file included from C:/Users/ADMIN/Desktop/DATN/Mecabot_Firmware/examples/../components/rosserial/include/tf/transform_broadcaster.h:39,
                 from ../Core/Inc/mecabot_ros_config.h:22,
                 from ../Core/Src/mainpp.cpp:3:
C:/Users/ADMIN/Desktop/DATN/Mecabot_Firmware/examples/../components/rosserial/include/tf/tfMessage.h: In member function 'virtual int tf::tfMessage::deserialize(unsigned char*)':
C:/Users/ADMIN/Desktop/DATN/Mecabot_Firmware/examples/../components/rosserial/include/tf/tfMessage.h:49:69: warning: 'void* realloc(void*, size_t)' moving an object of non-trivially copyable type 'tf::tfMessage::_transforms_type' {aka 'class geometry_msgs::TransformStamped'}; use 'new' and 'delete' instead [-Wclass-memaccess]
   49 |         this->transforms = (geometry_msgs::TransformStamped*)realloc(this->transforms, transforms_lengthT * sizeof(geometry_msgs::TransformStamped));
      |                                                              ~~~~~~~^~~~~~~~~~~~~~~~~~~~~~~~~~~~~~~~~~~~~~~~~~~~~~~~~~~~~~~~~~~~~~~~~~~~~~~~~~~~~~~~
In file included from ../Core/Inc/mecabot_ros_config.h:20:
C:/Users/ADMIN/Desktop/DATN/Mecabot_Firmware/examples/../components/rosserial/include/geometry_msgs/TransformStamped.h:14:9: note: 'tf::tfMessage::_transforms_type' {aka 'class geometry_msgs::TransformStamped'} declared here
   14 |   class TransformStamped : public ros::Msg
      |         ^~~~~~~~~~~~~~~~
C:/Users/ADMIN/Desktop/DATN/Mecabot_Firmware/examples/../components/rosserial/include/tf/tfMessage.h:53:15: warning: 'void* memcpy(void*, const void*, size_t)' writing to an object of type 'tf::tfMessage::_transforms_type' {aka 'class geometry_msgs::TransformStamped'} with no trivial copy-assignment; use copy-assignment or copy-initialization instead [-Wclass-memaccess]
   53 |         memcpy( &(this->transforms[i]), &(this->st_transforms), sizeof(geometry_msgs::TransformStamped));
      |         ~~~~~~^~~~~~~~~~~~~~~~~~~~~~~~~~~~~~~~~~~~~~~~~~~~~~~~~~~~~~~~~~~~~~~~~~~~~~~~~~~~~~~~~~~~~~~~~~
C:/Users/ADMIN/Desktop/DATN/Mecabot_Firmware/examples/../components/rosserial/include/geometry_msgs/TransformStamped.h:14:9: note: 'tf::tfMessage::_transforms_type' {aka 'class geometry_msgs::TransformStamped'} declared here
   14 |   class TransformStamped : public ros::Msg
      |         ^~~~~~~~~~~~~~~~
../Core/Inc/mecabot_ros_config.h: At global scope:
../Core/Inc/mecabot_ros_config.h:81:40: warning: ISO C++ forbids converting a string constant to 'char*' [-Wwrite-strings]
   81 | char *joint_states_name[NUM_OF_MOTOR] {"front_left_wheel_joint", "front_right_wheel_joint",
      |                                        ^~~~~~~~~~~~~~~~~~~~~~~~
../Core/Inc/mecabot_ros_config.h:81:66: warning: ISO C++ forbids converting a string constant to 'char*' [-Wwrite-strings]
   81 | char *joint_states_name[NUM_OF_MOTOR] {"front_left_wheel_joint", "front_right_wheel_joint",
      |                                                                  ^~~~~~~~~~~~~~~~~~~~~~~~~
../Core/Inc/mecabot_ros_config.h:82:60: warning: ISO C++ forbids converting a string constant to 'char*' [-Wwrite-strings]
   82 |                                                            "back_left_wheel_joint" , "back_right_wheel_joint"};
      |                                                            ^~~~~~~~~~~~~~~~~~~~~~~
../Core/Inc/mecabot_ros_config.h:82:86: warning: ISO C++ forbids converting a string constant to 'char*' [-Wwrite-strings]
   82 |                                                            "back_left_wheel_joint" , "back_right_wheel_joint"};
      |                                                                                      ^~~~~~~~~~~~~~~~~~~~~~~~
../Core/Src/mainpp.cpp: In function 'void initJointStates()':
../Core/Src/mainpp.cpp:167:26: warning: ISO C++ forbids converting a string constant to 'char*' [-Wwrite-strings]
  167 |                         {"front_left_wheel_joint", "front_right_wheel_joint",
      |                          ^~~~~~~~~~~~~~~~~~~~~~~~
../Core/Src/mainpp.cpp:167:52: warning: ISO C++ forbids converting a string constant to 'char*' [-Wwrite-strings]
  167 |                         {"front_left_wheel_joint", "front_right_wheel_joint",
      |                                                    ^~~~~~~~~~~~~~~~~~~~~~~~~
../Core/Src/mainpp.cpp:168:26: warning: ISO C++ forbids converting a string constant to 'char*' [-Wwrite-strings]
  168 |                          "back_left_wheel_joint" , "back_right_wheel_joint"};
      |                          ^~~~~~~~~~~~~~~~~~~~~~~
../Core/Src/mainpp.cpp:168:52: warning: ISO C++ forbids converting a string constant to 'char*' [-Wwrite-strings]
  168 |                          "back_left_wheel_joint" , "back_right_wheel_joint"};
      |                                                    ^~~~~~~~~~~~~~~~~~~~~~~~
../Core/Src/mainpp.cpp: In function 'void updateJointStates()':
../Core/Src/mainpp.cpp:250:22: warning: variable 'joint_states_vel' set but not used [-Wunused-but-set-variable]
  250 |         static float joint_states_vel[NUM_OF_MOTOR] = { 0.0 };
      |                      ^~~~~~~~~~~~~~~~
../Core/Src/mainpp.cpp: In function 'void calculateOdometry()':
../Core/Src/mainpp.cpp:308:24: warning: variable 'diff_yaw' set but not used [-Wunused-but-set-variable]
  308 |         float new_yaw, diff_yaw;
      |                        ^~~~~~~~
In file included from ../Core/Inc/mecabot_hardware.h:13,
                 from ../Core/Src/mainpp.cpp:2:
C:/Users/ADMIN/Desktop/DATN/Mecabot_Firmware/examples/../components/madgwick_filter/include/madgwick_filter.h: At global scope:
C:/Users/ADMIN/Desktop/DATN/Mecabot_Firmware/examples/../components/madgwick_filter/include/madgwick_filter.h:112:13: warning: 'void quat_Normalize(Quaternion_t*)' defined but not used [-Wunused-function]
  112 | static void quat_Normalize(Quaternion_t *q)
      |             ^~~~~~~~~~~~~~
C:/Users/ADMIN/Desktop/DATN/Mecabot_Firmware/examples/../components/madgwick_filter/include/madgwick_filter.h:97:21: warning: 'Quaternion_t quat_conjugate(Quaternion_t)' defined but not used [-Wunused-function]
   97 | static Quaternion_t quat_conjugate(Quaternion_t q)
      |                     ^~~~~~~~~~~~~~
C:/Users/ADMIN/Desktop/DATN/Mecabot_Firmware/examples/../components/madgwick_filter/include/madgwick_filter.h:85:21: warning: 'Quaternion_t quat_sub(Quaternion_t, Quaternion_t)' defined but not used [-Wunused-function]
   85 | static Quaternion_t quat_sub(Quaternion_t L, Quaternion_t R)
      |                     ^~~~~~~~
C:/Users/ADMIN/Desktop/DATN/Mecabot_Firmware/examples/../components/madgwick_filter/include/madgwick_filter.h:73:21: warning: 'Quaternion_t quat_add(Quaternion_t, Quaternion_t)' defined but not used [-Wunused-function]
   73 | static Quaternion_t quat_add(Quaternion_t L, Quaternion_t R)
      |                     ^~~~~~~~
C:/Users/ADMIN/Desktop/DATN/Mecabot_Firmware/examples/../components/madgwick_filter/include/madgwick_filter.h:62:21: warning: 'Quaternion_t quat_scalar(Quaternion_t, float)' defined but not used [-Wunused-function]
   62 | static Quaternion_t quat_scalar(Quaternion_t q, float scalar)
      |                     ^~~~~~~~~~~
C:/Users/ADMIN/Desktop/DATN/Mecabot_Firmware/examples/../components/madgwick_filter/include/madgwick_filter.h:50:21: warning: 'Quaternion_t quat_mult(Quaternion_t, Quaternion_t)' defined but not used [-Wunused-function]
   50 | static Quaternion_t quat_mult(Quaternion_t L, Quaternion_t R)
      |                     ^~~~~~~~~
arm-none-eabi-g++ -o "system_demo.elf" @"objects.list"   -mcpu=cortex-m3 -T"C:\Users\ADMIN\Desktop\DATN\Mecabot_Firmware\examples\system_demo\STM32F103RCTX_FLASH.ld" --specs=nosys.specs -Wl,-Map="system_demo.map" -Wl,--gc-sections -static --specs=nano.specs -mfloat-abi=soft -mthumb -Wl,--start-group -lc -lm -lstdc++ -lsupc++ -Wl,--end-group
C:/ST/STM32CubeIDE_1.12.0/STM32CubeIDE/plugins/com.st.stm32cube.ide.mcu.externaltools.gnu-tools-for-stm32.12.3.rel1.win32_1.0.100.202403111256/tools/bin/../lib/gcc/arm-none-eabi/12.3.1/../../../../arm-none-eabi/bin/ld.exe: system_demo.elf section `.bss' will not fit in region `RAM'
C:/ST/STM32CubeIDE_1.12.0/STM32CubeIDE/plugins/com.st.stm32cube.ide.mcu.externaltools.gnu-tools-for-stm32.12.3.rel1.win32_1.0.100.202403111256/tools/bin/../lib/gcc/arm-none-eabi/12.3.1/../../../../arm-none-eabi/bin/ld.exe: region `RAM' overflowed by 20944 bytes
collect2.exe: error: ld returned 1 exit status
make: *** [makefile:88: system_demo.elf] Error 1
"make -j8 all" terminated with exit code 2. Build might be incomplete.

16:40:10 Build Failed. 3 errors, 26 warnings. (took 2s.474ms)

